app/build/outputs/logs/manifest-merger-debug-report.txt
-- Merging decision tree log ---
manifest
ADDED from src\main\AndroidManifest.xml:2:1-48:12
	package
		ADDED from src\main\AndroidManifest.xml:3:5-40
		INJECTED from src\main\AndroidManifest.xml
		INJECTED from src\main\AndroidManifest.xml
	android:versionName
		INJECTED from src\main\AndroidManifest.xml
		INJECTED from src\main\AndroidManifest.xml
	xmlns:android
		ADDED from src\main\AndroidManifest.xml:2:11-69
	android:versionCode
		INJECTED from src\main\AndroidManifest.xml
		INJECTED from src\main\AndroidManifest.xml
uses-permission#com.google.android.c2dm.permission.RECEIVE
ADDED from src\main\AndroidManifest.xml:5:5-82
	android:name
		ADDED from src\main\AndroidManifest.xml:5:22-79
uses-permission#android.permission.INTERNET
ADDED from src\main\AndroidManifest.xml:6:5-67
MERGED from [com.liferay.mobile:liferay-screens:2.1.1] AndroidManifest.xml:11:5-67
MERGED from [com.liferay.mobile:liferay-android-oauth:1.3.0] AndroidManifest.xml:9:5-67
	android:name
		ADDED from src\main\AndroidManifest.xml:6:22-64
application
ADDED from src\main\AndroidManifest.xml:8:5-46:19
MERGED from [com.liferay.mobile:liferay-material-viewset:2.1.1] AndroidManifest.xml:12:5-20
MERGED from [com.liferay.mobile:liferay-screens:2.1.1] AndroidManifest.xml:15:5-54:19
MERGED from [com.android.support:exifinterface:25.1.0] AndroidManifest.xml:22:5-20
MERGED from [com.liferay.mobile:liferay-push:1.1.0] AndroidManifest.xml:10:5-15:19
MERGED from [com.google.android.gms:play-services-gcm:7.0.0] AndroidManifest.xml:19:5-20
MERGED from [com.google.android.gms:play-services-base:7.0.0] AndroidManifest.xml:20:5-24:19
MERGED from [com.liferay.mobile:liferay-android-oauth:1.3.0] AndroidManifest.xml:11:5-25:19
MERGED from [com.tbruyelle.rxpermissions:rxpermissions:0.9.1] AndroidManifest.xml:11:5-20
MERGED from [com.lsjwzh:recyclerviewpager:1.0.8] AndroidManifest.xml:11:5-12:19
MERGED from [com.snappydb:snappydb-lib:0.5.2] AndroidManifest.xml:11:5-20
MERGED from [com.android.support:design:25.1.0] AndroidManifest.xml:25:5-20
MERGED from [com.android.support:appcompat-v7:25.1.0] AndroidManifest.xml:25:5-20
MERGED from [com.android.support:animated-vector-drawable:25.1.0] AndroidManifest.xml:22:5-20
MERGED from [com.android.support:support-vector-drawable:25.1.0] AndroidManifest.xml:23:5-20
MERGED from [com.android.support:transition:25.1.0] AndroidManifest.xml:22:5-20
MERGED from [com.android.support:support-v4:25.1.0] AndroidManifest.xml:25:5-20
MERGED from [com.android.support:support-fragment:25.1.0] AndroidManifest.xml:25:5-20
MERGED from [com.android.support:support-media-compat:25.1.0] AndroidManifest.xml:25:5-20
MERGED from [com.android.support:support-core-ui:25.1.0] AndroidManifest.xml:25:5-20
MERGED from [com.android.support:support-core-utils:25.1.0] AndroidManifest.xml:25:5-20
MERGED from [com.android.support:support-compat:25.1.0] AndroidManifest.xml:25:5-20
MERGED from [com.android.support.constraint:constraint-layout:1.0.1] AndroidManifest.xml:9:5-20
	android:label
		ADDED from src\main\AndroidManifest.xml:11:9-41
	android:supportsRtl
		ADDED from src\main\AndroidManifest.xml:13:9-35
	android:roundIcon
		ADDED from src\main\AndroidManifest.xml:12:9-50
	android:allowBackup
		ADDED from src\main\AndroidManifest.xml:9:9-35
	android:icon
		ADDED from src\main\AndroidManifest.xml:10:9-45
	android:theme
		ADDED from src\main\AndroidManifest.xml:14:9-40
activity#com.liferay.myapplication.activities.MainActivity
ADDED from src\main\AndroidManifest.xml:15:9-18:59
	android:label
		ADDED from src\main\AndroidManifest.xml:17:13-45
	android:theme
		ADDED from src\main\AndroidManifest.xml:18:13-56
	android:name
		ADDED from src\main\AndroidManifest.xml:16:13-52
activity#com.liferay.myapplication.activities.LoginActivity
ADDED from src\main\AndroidManifest.xml:19:9-25:20
	android:name
		ADDED from src\main\AndroidManifest.xml:19:19-59
intent-filter#android.intent.action.MAIN+android.intent.category.LAUNCHER
ADDED from src\main\AndroidManifest.xml:20:13-24:29
action#android.intent.action.MAIN
ADDED from src\main\AndroidManifest.xml:21:17-69
	android:name
		ADDED from src\main\AndroidManifest.xml:21:25-66
category#android.intent.category.LAUNCHER
ADDED from src\main\AndroidManifest.xml:23:17-77
	android:name
		ADDED from src\main\AndroidManifest.xml:23:27-74
receiver#com.liferay.myapplication.notification.PushReceiver
ADDED from src\main\AndroidManifest.xml:27:9-34:20
	android:exported
		ADDED from src\main\AndroidManifest.xml:29:13-36
	android:permission
		ADDED from src\main\AndroidManifest.xml:30:13-73
	android:name
		ADDED from src\main\AndroidManifest.xml:28:13-54
intent-filter#com.google.android.c2dm.intent.RECEIVE
ADDED from src\main\AndroidManifest.xml:31:13-33:29
action#com.google.android.c2dm.intent.RECEIVE
ADDED from src\main\AndroidManifest.xml:32:17-81
	android:name
		ADDED from src\main\AndroidManifest.xml:32:25-78
service#com.liferay.myapplication.notification.PushService
ADDED from src\main\AndroidManifest.xml:36:9-42:19
	android:exported
		ADDED from src\main\AndroidManifest.xml:38:13-37
	android:name
		ADDED from src\main\AndroidManifest.xml:37:13-53
activity#com.liferay.myapplication.activities.ATWebContent
ADDED from src\main\AndroidManifest.xml:44:9-61
	android:name
		ADDED from src\main\AndroidManifest.xml:44:19-58
activity#com.liferay.myapplication.activities.SurveyActivity
ADDED from src\main\AndroidManifest.xml:45:9-72
	android:name
		ADDED from src\main\AndroidManifest.xml:45:19-60
uses-sdk
INJECTED from src\main\AndroidManifest.xml reason: use-sdk injection requested
MERGED from [com.liferay.mobile:liferay-material-viewset:2.1.1] AndroidManifest.xml:8:5-10:41
MERGED from [com.liferay.mobile:liferay-screens:2.1.1] AndroidManifest.xml:7:5-9:41
MERGED from [com.android.support:exifinterface:25.1.0] AndroidManifest.xml:20:5-43
MERGED from [com.liferay.mobile:liferay-push:1.1.0] AndroidManifest.xml:6:5-8:41
MERGED from [com.google.android.gms:play-services-gcm:7.0.0] AndroidManifest.xml:18:5-42
MERGED from [com.google.android.gms:play-services-base:7.0.0] AndroidManifest.xml:18:5-42
MERGED from [com.liferay.mobile:liferay-android-oauth:1.3.0] AndroidManifest.xml:5:5-7:41
MERGED from [com.tbruyelle.rxpermissions:rxpermissions:0.9.1] AndroidManifest.xml:7:5-9:41
MERGED from [com.jakewharton.rxbinding:rxbinding:1.0.0] AndroidManifest.xml:6:5-44
MERGED from [io.reactivex:rxandroid:1.2.1] AndroidManifest.xml:19:5-43
MERGED from [com.lsjwzh:recyclerviewpager:1.0.8] AndroidManifest.xml:7:5-9:41
MERGED from [com.snappydb:snappydb-lib:0.5.2] AndroidManifest.xml:7:5-9:41
MERGED from [com.android.support:design:25.1.0] AndroidManifest.xml:21:5-23:62
MERGED from [com.android.support:appcompat-v7:25.1.0] AndroidManifest.xml:21:5-23:78
MERGED from [com.android.support:animated-vector-drawable:25.1.0] AndroidManifest.xml:20:5-44
MERGED from [com.android.support:support-vector-drawable:25.1.0] AndroidManifest.xml:21:5-43
MERGED from [com.android.support:recyclerview-v7:25.1.0] AndroidManifest.xml:20:5-43
MERGED from [com.android.support:transition:25.1.0] AndroidManifest.xml:20:5-44
MERGED from [com.android.support:support-v4:25.1.0] AndroidManifest.xml:21:5-23:54
MERGED from [com.android.support:support-fragment:25.1.0] AndroidManifest.xml:21:5-23:60
MERGED from [com.android.support:support-media-compat:25.1.0] AndroidManifest.xml:21:5-23:63
MERGED from [com.android.support:support-core-ui:25.1.0] AndroidManifest.xml:21:5-23:58
MERGED from [com.android.support:support-core-utils:25.1.0] AndroidManifest.xml:21:5-23:61
MERGED from [com.android.support:support-compat:25.1.0] AndroidManifest.xml:21:5-23:58
MERGED from [com.android.support.constraint:constraint-layout:1.0.1] AndroidManifest.xml:5:5-7:41
	tools:overrideLibrary
		ADDED from [com.android.support:design:25.1.0] AndroidManifest.xml:23:9-59
	android:targetSdkVersion
		INJECTED from src\main\AndroidManifest.xml
		INJECTED from src\main\AndroidManifest.xml
	android:minSdkVersion
		INJECTED from src\main\AndroidManifest.xml
		INJECTED from src\main\AndroidManifest.xml
uses-permission#android.permission.ACCESS_NETWORK_STATE
ADDED from [com.liferay.mobile:liferay-screens:2.1.1] AndroidManifest.xml:12:5-79
	android:name
		ADDED from [com.liferay.mobile:liferay-screens:2.1.1] AndroidManifest.xml:12:22-76
uses-permission#android.permission.WAKE_LOCK
ADDED from [com.liferay.mobile:liferay-screens:2.1.1] AndroidManifest.xml:13:5-68
	android:name
		ADDED from [com.liferay.mobile:liferay-screens:2.1.1] AndroidManifest.xml:13:22-65
activity#com.liferay.mobile.screens.base.MediaStoreRequestShadowActivity
ADDED from [com.liferay.mobile:liferay-screens:2.1.1] AndroidManifest.xml:16:9-100
	android:name
		ADDED from [com.liferay.mobile:liferay-screens:2.1.1] AndroidManifest.xml:16:19-97
activity#com.liferay.mobile.screens.viewsets.defaultviews.imagegallery.DetailImageActivity
ADDED from [com.liferay.mobile:liferay-screens:2.1.1] AndroidManifest.xml:17:9-19:52
	android:theme
		ADDED from [com.liferay.mobile:liferay-screens:2.1.1] AndroidManifest.xml:19:13-49
	android:name
		ADDED from [com.liferay.mobile:liferay-screens:2.1.1] AndroidManifest.xml:18:13-109
provider#com.liferay.mobile.screens.ScreensInitProvider
ADDED from [com.liferay.mobile:liferay-screens:2.1.1] AndroidManifest.xml:21:9-25:40
	android:authorities
		ADDED from [com.liferay.mobile:liferay-screens:2.1.1] AndroidManifest.xml:23:13-71
	android:enabled
		ADDED from [com.liferay.mobile:liferay-screens:2.1.1] AndroidManifest.xml:24:13-35
	android:exported
		ADDED from [com.liferay.mobile:liferay-screens:2.1.1] AndroidManifest.xml:25:13-37
	android:name
		ADDED from [com.liferay.mobile:liferay-screens:2.1.1] AndroidManifest.xml:22:13-74
receiver#com.liferay.mobile.screens.cache.CacheReceiver
ADDED from [com.liferay.mobile:liferay-screens:2.1.1] AndroidManifest.xml:27:9-35:20
	android:exported
		ADDED from [com.liferay.mobile:liferay-screens:2.1.1] AndroidManifest.xml:29:13-37
	android:name
		ADDED from [com.liferay.mobile:liferay-screens:2.1.1] AndroidManifest.xml:28:13-74
intent-filter#android.net.conn.CONNECTIVITY_CHANGE+com.liferay.mobile.screens.auth.login.success+com.liferay.mobile.screens.cache.resync
ADDED from [com.liferay.mobile:liferay-screens:2.1.1] AndroidManifest.xml:30:13-34:29
action#com.liferay.mobile.screens.auth.login.success
ADDED from [com.liferay.mobile:liferay-screens:2.1.1] AndroidManifest.xml:31:17-88
	android:name
		ADDED from [com.liferay.mobile:liferay-screens:2.1.1] AndroidManifest.xml:31:25-85
action#com.liferay.mobile.screens.cache.resync
ADDED from [com.liferay.mobile:liferay-screens:2.1.1] AndroidManifest.xml:32:17-82
	android:name
		ADDED from [com.liferay.mobile:liferay-screens:2.1.1] AndroidManifest.xml:32:25-79
action#android.net.conn.CONNECTIVITY_CHANGE
ADDED from [com.liferay.mobile:liferay-screens:2.1.1] AndroidManifest.xml:33:17-79
	android:name
		ADDED from [com.liferay.mobile:liferay-screens:2.1.1] AndroidManifest.xml:33:25-76
service#com.liferay.mobile.screens.ddl.form.service.UploadService
ADDED from [com.liferay.mobile:liferay-screens:2.1.1] AndroidManifest.xml:37:9-93
	android:name
		ADDED from [com.liferay.mobile:liferay-screens:2.1.1] AndroidManifest.xml:37:18-90
service#com.liferay.mobile.screens.userportrait.interactor.upload.UserPortraitService
ADDED from [com.liferay.mobile:liferay-screens:2.1.1] AndroidManifest.xml:38:9-113
	android:name
		ADDED from [com.liferay.mobile:liferay-screens:2.1.1] AndroidManifest.xml:38:18-110
service#com.liferay.mobile.screens.imagegallery.interactor.upload.ImageGalleryUploadService
ADDED from [com.liferay.mobile:liferay-screens:2.1.1] AndroidManifest.xml:39:9-119
	android:name
		ADDED from [com.liferay.mobile:liferay-screens:2.1.1] AndroidManifest.xml:39:18-116
service#com.liferay.mobile.screens.dlfile.display.DownloadService
ADDED from [com.liferay.mobile:liferay-screens:2.1.1] AndroidManifest.xml:40:9-93
	android:name
		ADDED from [com.liferay.mobile:liferay-screens:2.1.1] AndroidManifest.xml:40:18-90
service#com.liferay.mobile.screens.cache.CacheSyncService
ADDED from [com.liferay.mobile:liferay-screens:2.1.1] AndroidManifest.xml:41:9-43:40
	android:exported
		ADDED from [com.liferay.mobile:liferay-screens:2.1.1] AndroidManifest.xml:43:13-37
	android:name
		ADDED from [com.liferay.mobile:liferay-screens:2.1.1] AndroidManifest.xml:42:13-77
provider#android.support.v4.content.FileProvider
ADDED from [com.liferay.mobile:liferay-screens:2.1.1] AndroidManifest.xml:45:9-53:20
	android:authorities
		ADDED from [com.liferay.mobile:liferay-screens:2.1.1] AndroidManifest.xml:47:13-71
	android:grantUriPermissions
		ADDED from [com.liferay.mobile:liferay-screens:2.1.1] AndroidManifest.xml:49:13-47
	android:exported
		ADDED from [com.liferay.mobile:liferay-screens:2.1.1] AndroidManifest.xml:48:13-37
	android:name
		ADDED from [com.liferay.mobile:liferay-screens:2.1.1] AndroidManifest.xml:46:13-67
meta-data#android.support.FILE_PROVIDER_PATHS
ADDED from [com.liferay.mobile:liferay-screens:2.1.1] AndroidManifest.xml:50:13-52:54
	android:resource
		ADDED from [com.liferay.mobile:liferay-screens:2.1.1] AndroidManifest.xml:52:17-51
	android:name
		ADDED from [com.liferay.mobile:liferay-screens:2.1.1] AndroidManifest.xml:51:17-67
meta-data#com.google.android.gms.version
ADDED from [com.liferay.mobile:liferay-push:1.1.0] AndroidManifest.xml:11:9-14:45
MERGED from [com.google.android.gms:play-services-base:7.0.0] AndroidManifest.xml:21:9-23:69
	android:value
		ADDED from [com.liferay.mobile:liferay-push:1.1.0] AndroidManifest.xml:13:13-66
		REJECTED from [com.google.android.gms:play-services-base:7.0.0] AndroidManifest.xml:23:13-66
	tools:replace
		ADDED from [com.liferay.mobile:liferay-push:1.1.0] AndroidManifest.xml:14:13-42
	android:name
		ADDED from [com.liferay.mobile:liferay-push:1.1.0] AndroidManifest.xml:12:13-58
activity#com.liferay.mobile.android.oauth.activity.OAuthActivity
ADDED from [com.liferay.mobile:liferay-android-oauth:1.3.0] AndroidManifest.xml:12:9-24:20
	android:launchMode
		ADDED from [com.liferay.mobile:liferay-android-oauth:1.3.0] AndroidManifest.xml:14:13-44
	android:theme
		ADDED from [com.liferay.mobile:liferay-android-oauth:1.3.0] AndroidManifest.xml:15:13-72
	android:name
		ADDED from [com.liferay.mobile:liferay-android-oauth:1.3.0] AndroidManifest.xml:13:13-83
intent-filter#android.intent.action.VIEW+android.intent.category.BROWSABLE+android.intent.category.DEFAULT
ADDED from [com.liferay.mobile:liferay-android-oauth:1.3.0] AndroidManifest.xml:16:13-23:29
action#android.intent.action.VIEW
ADDED from [com.liferay.mobile:liferay-android-oauth:1.3.0] AndroidManifest.xml:17:17-69
	android:name
		ADDED from [com.liferay.mobile:liferay-android-oauth:1.3.0] AndroidManifest.xml:17:25-66
category#android.intent.category.DEFAULT
ADDED from [com.liferay.mobile:liferay-android-oauth:1.3.0] AndroidManifest.xml:19:17-76
	android:name
		ADDED from [com.liferay.mobile:liferay-android-oauth:1.3.0] AndroidManifest.xml:19:27-73
category#android.intent.category.BROWSABLE
ADDED from [com.liferay.mobile:liferay-android-oauth:1.3.0] AndroidManifest.xml:20:17-78
	android:name
		ADDED from [com.liferay.mobile:liferay-android-oauth:1.3.0] AndroidManifest.xml:20:27-75
data
ADDED from [com.liferay.mobile:liferay-android-oauth:1.3.0] AndroidManifest.xml:22:17-50
	android:scheme
		ADDED from [com.liferay.mobile:liferay-android-oauth:1.3.0] AndroidManifest.xml:22:23-47